<?xml version="1.0" encoding="UTF-8"?>
<!-- Generated by org.testng.reporters.JUnitReportReporter -->
<testsuite hostname="CSGBTPLT704" failures="0" tests="1" name="TestRunners.RegressionTest" time="145.274" errors="0" timestamp="2024-01-19T17:14:56 IST" skipped="0">
  <testcase classname="TestRunners.RegressionTest" name="runScenario" time="145.274"/>
  <system-out/>
</testsuite> <!-- TestRunners.RegressionTest -->
