<?xml version="1.0" encoding="UTF-8"?>
<!-- Generated by org.testng.reporters.JUnitReportReporter -->
<testsuite hostname="CSGBTPLT704" failures="0" tests="7" name="TestRunners.Sanity" time="125.816" errors="0" timestamp="2024-05-21T15:36:09 IST" skipped="0">
  <testcase classname="TestRunners.Sanity" name="runScenario" time="2.417"/>
  <system-out/>
  <testcase classname="TestRunners.Sanity" name="runScenario" time="18.553"/>
  <system-out/>
  <testcase classname="TestRunners.Sanity" name="runScenario" time="12.349"/>
  <system-out/>
  <testcase classname="TestRunners.Sanity" name="runScenario" time="1.293"/>
  <system-out/>
  <testcase classname="TestRunners.Sanity" name="runScenario" time="7.358"/>
  <system-out/>
  <testcase classname="TestRunners.Sanity" name="runScenario" time="8.117"/>
  <system-out/>
  <testcase classname="TestRunners.Sanity" name="runScenario" time="75.729"/>
  <system-out/>
</testsuite> <!-- TestRunners.Sanity -->
