<?xml version="1.0" encoding="UTF-8"?>
<!-- Generated by org.testng.reporters.JUnitReportReporter -->
<testsuite hostname="CSGBTPLT704" failures="0" tests="1" name="TestRunners.ApiRunner" time="2.146" errors="0" timestamp="2024-08-08T16:50:17 IST" skipped="0">
  <testcase classname="TestRunners.ApiRunner" name="runScenario" time="2.146"/>
  <system-out/>
</testsuite> <!-- TestRunners.ApiRunner -->
